\BOOKMARK [1][-]{section.1}{Introduction}{}% 1
\BOOKMARK [1][-]{section.2}{GitHub}{}% 2
\BOOKMARK [2][-]{subsection.2.1}{Initialisation}{section.2}% 3
\BOOKMARK [2][-]{subsection.2.2}{Branches}{section.2}% 4
\BOOKMARK [2][-]{subsection.2.3}{D\351p\364t et mises \340 jours}{section.2}% 5
\BOOKMARK [2][-]{subsection.2.4}{Clonage}{section.2}% 6
\BOOKMARK [1][-]{section.3}{Python}{}% 7
\BOOKMARK [2][-]{subsection.3.1}{Installation de Python}{section.3}% 8
\BOOKMARK [3][-]{subsubsection.3.1.1}{M\351thode packages}{subsection.3.1}% 9
\BOOKMARK [3][-]{subsubsection.3.1.2}{M\351thode module Pip}{subsection.3.1}% 10
\BOOKMARK [2][-]{subsection.3.2}{Un petit code Python}{section.3}% 11
\BOOKMARK [2][-]{subsection.3.3}{Python et les objets}{section.3}% 12
\BOOKMARK [3][-]{subsubsection.3.3.1}{Cr\351ation d'une Class "Lambda" }{subsection.3.3}% 13
\BOOKMARK [3][-]{subsubsection.3.3.2}{Constructeur de la Class "Lambda"}{subsection.3.3}% 14
\BOOKMARK [3][-]{subsubsection.3.3.3}{Exemple d'objet : Pullover}{subsection.3.3}% 15
\BOOKMARK [1][-]{section.4}{Gurobi}{}% 16
\BOOKMARK [2][-]{subsection.4.1}{Installation de Gurobi}{section.4}% 17
\BOOKMARK [3][-]{subsubsection.4.1.1}{M\351thode classique }{subsection.4.1}% 18
\BOOKMARK [3][-]{subsubsection.4.1.2}{M\351thode via Anaconda }{subsection.4.1}% 19
\BOOKMARK [2][-]{subsection.4.2}{Test d'installation}{section.4}% 20
\BOOKMARK [2][-]{subsection.4.3}{Exemple Gurobi programmation lin\351aire \(lp\)}{section.4}% 21
\BOOKMARK [1][-]{section.5}{Webographie}{}% 22
\BOOKMARK [1][-]{section.6}{Annexes}{}% 23
\BOOKMARK [2][-]{subsection.6.1}{Syntaxe Python}{section.6}% 24
\BOOKMARK [3][-]{subsubsection.6.1.1}{ Structure Conditionelle If }{subsection.6.1}% 25
\BOOKMARK [3][-]{subsubsection.6.1.2}{ Structure Conditionelle Else}{subsection.6.1}% 26
\BOOKMARK [3][-]{subsubsection.6.1.3}{ Structure Conditionelle Elif }{subsection.6.1}% 27
\BOOKMARK [3][-]{subsubsection.6.1.4}{ Boucle For}{subsection.6.1}% 28
\BOOKMARK [3][-]{subsubsection.6.1.5}{ Boucle While }{subsection.6.1}% 29
\BOOKMARK [3][-]{subsubsection.6.1.6}{ Les fonctions}{subsection.6.1}% 30
\BOOKMARK [2][-]{subsection.6.2}{L'orient\351 objet en Python}{section.6}% 31
\BOOKMARK [2][-]{subsection.6.3}{GitHub}{section.6}% 32
\BOOKMARK [2][-]{subsection.6.4}{Gurobi}{section.6}% 33
