\BOOKMARK [1][-]{section.1}{Introduction}{}% 1
\BOOKMARK [1][-]{section.2}{Pr\351sentation de l'entreprise}{}% 2
\BOOKMARK [1][-]{section.3}{GitHub}{}% 3
\BOOKMARK [2][-]{subsection.3.1}{Initialisation}{section.3}% 4
\BOOKMARK [2][-]{subsection.3.2}{Branches}{section.3}% 5
\BOOKMARK [2][-]{subsection.3.3}{D\351p\364t et mises \340 jours}{section.3}% 6
\BOOKMARK [2][-]{subsection.3.4}{Clonage}{section.3}% 7
\BOOKMARK [1][-]{section.4}{Python}{}% 8
\BOOKMARK [2][-]{subsection.4.1}{Installation de Python}{section.4}% 9
\BOOKMARK [3][-]{subsubsection.4.1.1}{M\351thode packages}{subsection.4.1}% 10
\BOOKMARK [3][-]{subsubsection.4.1.2}{M\351thode module Pip}{subsection.4.1}% 11
\BOOKMARK [2][-]{subsection.4.2}{Un petit code Python}{section.4}% 12
\BOOKMARK [2][-]{subsection.4.3}{Python et les objets}{section.4}% 13
\BOOKMARK [3][-]{subsubsection.4.3.1}{Cr\351ation d'une Classe "Lambda" }{subsection.4.3}% 14
\BOOKMARK [3][-]{subsubsection.4.3.2}{Constructeur de la Classe "Lambda"}{subsection.4.3}% 15
\BOOKMARK [3][-]{subsubsection.4.3.3}{Exemple d'objet : Pullover}{subsection.4.3}% 16
\BOOKMARK [1][-]{section.5}{Gurobi}{}% 17
\BOOKMARK [2][-]{subsection.5.1}{Installation de Gurobi}{section.5}% 18
\BOOKMARK [3][-]{subsubsection.5.1.1}{M\351thode classique }{subsection.5.1}% 19
\BOOKMARK [3][-]{subsubsection.5.1.2}{M\351thode via Anaconda }{subsection.5.1}% 20
\BOOKMARK [2][-]{subsection.5.2}{Shell interactive }{section.5}% 21
\BOOKMARK [2][-]{subsection.5.3}{Exemple Gurobi programmation lin\351aire \(biere.py\)}{section.5}% 22
\BOOKMARK [1][-]{section.6}{La th\351orie des jeux}{}% 23
\BOOKMARK [2][-]{subsection.6.1}{Jeux statiques et dynamiques}{section.6}% 24
\BOOKMARK [3][-]{subsubsection.6.1.1}{Statiques}{subsection.6.1}% 25
\BOOKMARK [3][-]{subsubsection.6.1.2}{Dynamiques}{subsection.6.1}% 26
\BOOKMARK [2][-]{subsection.6.2}{Strat\351gies}{section.6}% 27
\BOOKMARK [2][-]{subsection.6.3}{Jeu bimatriciel}{section.6}% 28
\BOOKMARK [2][-]{subsection.6.4}{Jeu \340 sommes nulles}{section.6}% 29
\BOOKMARK [1][-]{section.7}{Webographie}{}% 30
\BOOKMARK [1][-]{section.8}{Annexes}{}% 31
\BOOKMARK [1][-]{appendix.A}{Python en g\351n\351ral}{}% 32
\BOOKMARK [2][-]{subsection.A.1}{ Structure Conditionelle If }{appendix.A}% 33
\BOOKMARK [2][-]{subsection.A.2}{ Structure Conditionelle Else}{appendix.A}% 34
\BOOKMARK [2][-]{subsection.A.3}{ Structure Conditionelle Elif }{appendix.A}% 35
\BOOKMARK [2][-]{subsection.A.4}{ Boucle For}{appendix.A}% 36
\BOOKMARK [2][-]{subsection.A.5}{ Boucle While }{appendix.A}% 37
\BOOKMARK [2][-]{subsection.A.6}{ Les fonctions}{appendix.A}% 38
\BOOKMARK [1][-]{appendix.B}{L'orient\351 objet en Python}{}% 39
\BOOKMARK [1][-]{appendix.C}{GitHub}{}% 40
\BOOKMARK [1][-]{appendix.D}{Gurobi}{}% 41
\BOOKMARK [1][-]{appendix.E}{ CV}{}% 42
